+++++++++++++++++++++++++++++++++++++++++++++++++++++++++++++++++++++++++++++++++++++++++++++
+                                                                    (COMPLETE) Cart ID#: 1 +
+++++++++++++++++++++++++++++++++++++++++++++++++++++++++++++++++++++++++++++++++++++++++++++
+          Description +                Price +             Quantity +                Total +
+++++++++++++++++++++++++++++++++++++++++++++++++++++++++++++++++++++++++++++++++++++++++++++
+            Macadamia +                $2.00 +                    2 +                $4.00 +
+                Pecan +                $1.25 +                    2 +                $2.50 +
+            Pistachio +                $1.53 +                    1 +                $1.53 +
+               Brazil +                $1.75 +                    2 +                $3.50 +
+++++++++++++++++++++++++++++++++++++++++++++++++++++++++++++++++++++++++++++++++++++++++++++
+                                                                             Total: $11.53 +
+++++++++++++++++++++++++++++++++++++++++++++++++++++++++++++++++++++++++++++++++++++++++++++

+++++++++++++++++++++++++++++++++++++++++++++++++++++++++++++++++++++++++++++++++++++++++++++
+                                                                    (COMPLETE) Cart ID#: 2 +
+++++++++++++++++++++++++++++++++++++++++++++++++++++++++++++++++++++++++++++++++++++++++++++
+          Description +                Price +             Quantity +                Total +
+++++++++++++++++++++++++++++++++++++++++++++++++++++++++++++++++++++++++++++++++++++++++++++
+               Walnut +                $1.12 +                    1 +                $1.12 +
+               Brazil +                $1.75 +                    1 +                $1.75 +
+++++++++++++++++++++++++++++++++++++++++++++++++++++++++++++++++++++++++++++++++++++++++++++
+                                                                              Total: $2.87 +
+++++++++++++++++++++++++++++++++++++++++++++++++++++++++++++++++++++++++++++++++++++++++++++

+++++++++++++++++++++++++++++++++++++++++++++++++++++++++++++++++++++++++++++++++++++++++++++
+                                                                   (CANCELLED) Cart ID#: 3 +
+++++++++++++++++++++++++++++++++++++++++++++++++++++++++++++++++++++++++++++++++++++++++++++
+          Description +                Price +             Quantity +                Total +
+++++++++++++++++++++++++++++++++++++++++++++++++++++++++++++++++++++++++++++++++++++++++++++
+                Pecan +                $1.25 +                    1 +                $1.25 +
+               Almond +                $1.31 +                    1 +                $1.31 +
+               Peanut +                $0.85 +                    1 +                $0.85 +
+++++++++++++++++++++++++++++++++++++++++++++++++++++++++++++++++++++++++++++++++++++++++++++
+                                                                              Total: $3.41 +
+++++++++++++++++++++++++++++++++++++++++++++++++++++++++++++++++++++++++++++++++++++++++++++

+++++++++++++++++++++++++++++++++++++++++++++++++++++++++++++++++++++++++++++++++++++++++++++++++++++++++++++++++++++++++++++++++++++++++++++++++++++++++++
+                                                                                                                                        Transaction(s):2 +
+++++++++++++++++++++++++++++++++++++++++++++++++++++++++++++++++++++++++++++++++++++++++++++++++++++++++++++++++++++++++++++++++++++++++++++++++++++++++++
+       Transaction ID# +                               Stamp +                 User +                Total +             Tendered +               Change +
+++++++++++++++++++++++++++++++++++++++++++++++++++++++++++++++++++++++++++++++++++++++++++++++++++++++++++++++++++++++++++++++++++++++++++++++++++++++++++
+                    1. +  Thursday, Jul 27, 2017 11:21:26 AM +                 Thor +               $11.53 +               $20.00 +               $-8.47 +
+                    2. +  Thursday, Jul 27, 2017 11:21:44 AM +                 Thor +                $2.87 +                $2.87 +                $0.00 +
+++++++++++++++++++++++++++++++++++++++++++++++++++++++++++++++++++++++++++++++++++++++++++++++++++++++++++++++++++++++++++++++++++++++++++++++++++++++++++

