+++++++++++++++++++++++++++++++++++++++++++++++++++++++++++++++++++++++++++++++++++++++++++++
+                                                                    (COMPLETE) Cart ID#: 1 +
+++++++++++++++++++++++++++++++++++++++++++++++++++++++++++++++++++++++++++++++++++++++++++++
+          Description +                Price +             Quantity +                Total +
+++++++++++++++++++++++++++++++++++++++++++++++++++++++++++++++++++++++++++++++++++++++++++++
+            Pistachio +                $1.53 +                    2 +                $3.06 +
+               Walnut +                $1.12 +                    1 +                $1.12 +
+                Pecan +                $1.25 +                    1 +                $1.25 +
+            Macadamia +                $2.00 +                    1 +                $2.00 +
+++++++++++++++++++++++++++++++++++++++++++++++++++++++++++++++++++++++++++++++++++++++++++++
+                                                                              Total: $7.43 +
+++++++++++++++++++++++++++++++++++++++++++++++++++++++++++++++++++++++++++++++++++++++++++++

+++++++++++++++++++++++++++++++++++++++++++++++++++++++++++++++++++++++++++++++++++++++++++++
+                                                                    (COMPLETE) Cart ID#: 2 +
+++++++++++++++++++++++++++++++++++++++++++++++++++++++++++++++++++++++++++++++++++++++++++++
+          Description +                Price +             Quantity +                Total +
+++++++++++++++++++++++++++++++++++++++++++++++++++++++++++++++++++++++++++++++++++++++++++++
+                Pecan +                $1.25 +                    1 +                $1.25 +
+               Brazil +                $1.75 +                    1 +                $1.75 +
+            Macadamia +                $2.00 +                    1 +                $2.00 +
+++++++++++++++++++++++++++++++++++++++++++++++++++++++++++++++++++++++++++++++++++++++++++++
+                                                                              Total: $5.00 +
+++++++++++++++++++++++++++++++++++++++++++++++++++++++++++++++++++++++++++++++++++++++++++++

+++++++++++++++++++++++++++++++++++++++++++++++++++++++++++++++++++++++++++++++++++++++++++++++++++++++++++++++++++++++++++++++++++++++++++++++++++++++++++
+                                                                                                                                        Transaction(s):2 +
+++++++++++++++++++++++++++++++++++++++++++++++++++++++++++++++++++++++++++++++++++++++++++++++++++++++++++++++++++++++++++++++++++++++++++++++++++++++++++
+       Transaction ID# +                               Stamp +                 User +                Total +             Tendered +               Change +
+++++++++++++++++++++++++++++++++++++++++++++++++++++++++++++++++++++++++++++++++++++++++++++++++++++++++++++++++++++++++++++++++++++++++++++++++++++++++++
+                    1. +      Friday, Aug 4, 2017 2:09:53 PM +                 Thor +                $7.43 +               $10.00 +               $-2.57 +
+                    2. +      Friday, Aug 4, 2017 2:11:07 PM +             Iron Man +                $5.00 +               $20.00 +              $-15.00 +
+++++++++++++++++++++++++++++++++++++++++++++++++++++++++++++++++++++++++++++++++++++++++++++++++++++++++++++++++++++++++++++++++++++++++++++++++++++++++++

