+++++++++++++++++++++++++++++++++++++++++++++++++++++++++++++++++++++++++++++++++++++++++++++
+                                                                   (PROCESSED) Cart ID#: 1 +
+++++++++++++++++++++++++++++++++++++++++++++++++++++++++++++++++++++++++++++++++++++++++++++
+          Description +                Price +             Quantity +                Total +
+++++++++++++++++++++++++++++++++++++++++++++++++++++++++++++++++++++++++++++++++++++++++++++
+               Brazil +                $1.75 +                    1 +                $1.75 +
+               Walnut +                $1.12 +                    2 +                $2.24 +
+             Hazelnut +                $1.90 +                    1 +                $1.90 +
+                Pecan +                $1.25 +                    1 +                $1.25 +
+               Peanut +                $0.85 +                    1 +                $0.85 +
+            Macadamia +                $2.00 +                    1 +                $2.00 +
+++++++++++++++++++++++++++++++++++++++++++++++++++++++++++++++++++++++++++++++++++++++++++++
+                                                                              Total: $9.99 +
+++++++++++++++++++++++++++++++++++++++++++++++++++++++++++++++++++++++++++++++++++++++++++++
+++++++++++++++++++++++++++++++++++++++++++++++++++++++++++++++++++++++++++++++++++++++++++++++++++++++++++++++++++++++++++++++++++++++++++++++++++++++++++
+                                                                                                                                        Transaction(s):1 +
+++++++++++++++++++++++++++++++++++++++++++++++++++++++++++++++++++++++++++++++++++++++++++++++++++++++++++++++++++++++++++++++++++++++++++++++++++++++++++
+       Transaction ID# +                               Stamp +                 User +                Total +             Tendered +               Change +
+++++++++++++++++++++++++++++++++++++++++++++++++++++++++++++++++++++++++++++++++++++++++++++++++++++++++++++++++++++++++++++++++++++++++++++++++++++++++++
+                    1. +     Monday, Jul 17, 2017 9:51:55 AM +                 Thor +                $9.99 +               $20.00 +              $-10.01 +
+++++++++++++++++++++++++++++++++++++++++++++++++++++++++++++++++++++++++++++++++++++++++++++++++++++++++++++++++++++++++++++++++++++++++++++++++++++++++++
