+++++++++++++++++++++++++++++++++++++++++++++++++++++++++++++++++++++++++++++++++++++++++++++
+                                                                   (PROCESSED) Cart ID#: 1 +
+++++++++++++++++++++++++++++++++++++++++++++++++++++++++++++++++++++++++++++++++++++++++++++
+          Description +                Price +             Quantity +                Total +
+++++++++++++++++++++++++++++++++++++++++++++++++++++++++++++++++++++++++++++++++++++++++++++
+            Pistachio +                $1.53 +                    1 +                $1.53 +
+               Peanut +                $0.85 +                    2 +                $1.70 +
+++++++++++++++++++++++++++++++++++++++++++++++++++++++++++++++++++++++++++++++++++++++++++++
+                                                                              Total: $3.23 +
+++++++++++++++++++++++++++++++++++++++++++++++++++++++++++++++++++++++++++++++++++++++++++++

+++++++++++++++++++++++++++++++++++++++++++++++++++++++++++++++++++++++++++++++++++++++++++++
+                                                                   (PROCESSED) Cart ID#: 2 +
+++++++++++++++++++++++++++++++++++++++++++++++++++++++++++++++++++++++++++++++++++++++++++++
+          Description +                Price +             Quantity +                Total +
+++++++++++++++++++++++++++++++++++++++++++++++++++++++++++++++++++++++++++++++++++++++++++++
+               Brazil +                $1.75 +                    1 +                $1.75 +
+             Hazelnut +                $1.90 +                    2 +                $3.80 +
+            Macadamia +                $2.00 +                    1 +                $2.00 +
+                Pecan +                $1.25 +                    1 +                $1.25 +
+            Pistachio +                $1.53 +                    2 +                $3.06 +
+++++++++++++++++++++++++++++++++++++++++++++++++++++++++++++++++++++++++++++++++++++++++++++
+                                                                             Total: $11.86 +
+++++++++++++++++++++++++++++++++++++++++++++++++++++++++++++++++++++++++++++++++++++++++++++

+++++++++++++++++++++++++++++++++++++++++++++++++++++++++++++++++++++++++++++++++++++++++++++++++++++++++++++++++++++++++++++++++++++++++++++++++++++++++++
+                                                                                                                                       Transaction(s): 1 +
+++++++++++++++++++++++++++++++++++++++++++++++++++++++++++++++++++++++++++++++++++++++++++++++++++++++++++++++++++++++++++++++++++++++++++++++++++++++++++
+       Transaction ID# +                               Stamp +                 User +                Total +             Tendered +               Change +
+++++++++++++++++++++++++++++++++++++++++++++++++++++++++++++++++++++++++++++++++++++++++++++++++++++++++++++++++++++++++++++++++++++++++++++++++++++++++++
+                    1. +   Thursday, Jul 27, 2017 1:47:24 PM +             Iron Man +               $11.86 +               $12.00 +               $-0.14 +
+++++++++++++++++++++++++++++++++++++++++++++++++++++++++++++++++++++++++++++++++++++++++++++++++++++++++++++++++++++++++++++++++++++++++++++++++++++++++++

