+++++++++++++++++++++++++++++++++++++++++++++++++++++++++++++++++++++++++++++++++++++++++++++
+                                                                   (CANCELLED) Cart ID#: 1 +
+++++++++++++++++++++++++++++++++++++++++++++++++++++++++++++++++++++++++++++++++++++++++++++
+          Description +                Price +             Quantity +                Total +
+++++++++++++++++++++++++++++++++++++++++++++++++++++++++++++++++++++++++++++++++++++++++++++
+               Peanut +                $0.85 +                    1 +                $0.85 +
+            Pistachio +                $1.53 +                    1 +                $1.53 +
+++++++++++++++++++++++++++++++++++++++++++++++++++++++++++++++++++++++++++++++++++++++++++++
+                                                                              Total: $2.38 +
+++++++++++++++++++++++++++++++++++++++++++++++++++++++++++++++++++++++++++++++++++++++++++++

+++++++++++++++++++++++++++++++++++++++++++++++++++++++++++++++++++++++++++++++++++++++++++++
+                                                                   (PROCESSED) Cart ID#: 1 +
+++++++++++++++++++++++++++++++++++++++++++++++++++++++++++++++++++++++++++++++++++++++++++++
+          Description +                Price +             Quantity +                Total +
+++++++++++++++++++++++++++++++++++++++++++++++++++++++++++++++++++++++++++++++++++++++++++++
+               Almond +                $1.31 +                    1 +                $1.31 +
+             Hazelnut +                $1.90 +                    1 +                $1.90 +
+               Walnut +                $1.12 +                    2 +                $2.24 +
+                Pecan +                $1.25 +                    1 +                $1.25 +
+++++++++++++++++++++++++++++++++++++++++++++++++++++++++++++++++++++++++++++++++++++++++++++
+                                                                              Total: $6.70 +
+++++++++++++++++++++++++++++++++++++++++++++++++++++++++++++++++++++++++++++++++++++++++++++

+++++++++++++++++++++++++++++++++++++++++++++++++++++++++++++++++++++++++++++++++++++++++++++++++++++++++++++++++++++++++++++++++++++++++++++++++++++++++++
+                                                                                                                                       Transaction(s): 1 +
+++++++++++++++++++++++++++++++++++++++++++++++++++++++++++++++++++++++++++++++++++++++++++++++++++++++++++++++++++++++++++++++++++++++++++++++++++++++++++
+       Transaction ID# +                               Stamp +                 User +                Total +             Tendered +               Change +
+++++++++++++++++++++++++++++++++++++++++++++++++++++++++++++++++++++++++++++++++++++++++++++++++++++++++++++++++++++++++++++++++++++++++++++++++++++++++++
+                    1. +      Friday, Aug 4, 2017 2:12:58 PM +             Starlord +                $6.70 +              $100.00 +              $-93.30 +
+++++++++++++++++++++++++++++++++++++++++++++++++++++++++++++++++++++++++++++++++++++++++++++++++++++++++++++++++++++++++++++++++++++++++++++++++++++++++++

